2023-03-16T02:43:24+00:00 CRITICAL Uncaught BadMethodCallException: Method 'editor' does not exist. in D:\xampp80\htdocs\website\apeira\wp-content\themes\apeira-theme\typerocket\vendor\typerocket\core\src\Elements\Traits\MacroTrait.php:74
Stack trace:
#0 D:\xampp80\htdocs\website\apeira\wp-content\themes\apeira-theme\typerocket\app\Components\NewArrivals.php(19): TypeRocket\Elements\BaseForm->__call('editor', Array)
#1 D:\xampp80\htdocs\website\apeira\wp-content\themes\apeira-theme\typerocket\vendor\typerocket\core\src\Elements\Fields\Builder.php(193): App\Components\NewArrivals->fields()
#2 D:\xampp80\htdocs\website\apeira\wp-content\themes\apeira-theme\typerocket\vendor\typerocket\core\src\Elements\Fields\Builder.php(166): TypeRocket\Elements\Fields\Builder::componentTemplate(Object(App\Components\NewArrivals), 'builder', '')
#3 D:\xampp80\htdocs\website\apeira\wp-content\themes\apeira-theme\typerocket\vendor\typerocket\core\src\Elements\Fields\Builder.php(36): TypeRocket\Elements\Fields\Builder->getBuilderBlocks()
#4 D:\xampp80\htdocs\website\apeira\wp-content\themes\apeira-theme\typerocket\vendor\typerocket\core\src\Elements\Fields\Field.php(235): TypeRocket\Elements\Fields\Builder->getString()
#5 D:\xampp80\htdocs\website\apeira\wp-content\themes\apeira-theme\typerocket\vendor\typerocket\core\src\Elements\Fields\Field.php(294): TypeRocket\Elements\Fields\Field->getFormString()
#6 D:\xampp80\htdocs\website\apeira\wp-content\themes\apeira-theme\typerocket\vendor\typerocket\core\src\Extensions\PageBuilder.php(208): TypeRocket\Elements\Fields\Field->__toString()
#7 D:\xampp80\htdocs\website\apeira\wp-includes\class-wp-hook.php(308): TypeRocket\Extensions\PageBuilder->edit_form_after_title(Object(WP_Post))
#8 D:\xampp80\htdocs\website\apeira\wp-includes\class-wp-hook.php(332): WP_Hook->apply_filters(NULL, Array)
#9 D:\xampp80\htdocs\website\apeira\wp-includes\plugin.php(517): WP_Hook->do_action(Array)
#10 D:\xampp80\htdocs\website\apeira\wp-admin\edit-form-advanced.php(581): do_action('edit_form_after...', Object(WP_Post))
#11 D:\xampp80\htdocs\website\apeira\wp-admin\post.php(206): require('D:\\xampp80\\htdo...')
#12 {main}
  thrown in D:\xampp80\htdocs\website\apeira\wp-content\themes\apeira-theme\typerocket\vendor\typerocket\core\src\Elements\Traits\MacroTrait.php on line 74

2023-03-16T02:43:48+00:00 CRITICAL Uncaught BadMethodCallException: Method 'links' does not exist. in D:\xampp80\htdocs\website\apeira\wp-content\themes\apeira-theme\typerocket\vendor\typerocket\core\src\Elements\Traits\MacroTrait.php:74
Stack trace:
#0 D:\xampp80\htdocs\website\apeira\wp-content\themes\apeira-theme\typerocket\app\Components\NewArrivals.php(20): TypeRocket\Elements\BaseForm->__call('links', Array)
#1 D:\xampp80\htdocs\website\apeira\wp-content\themes\apeira-theme\typerocket\vendor\typerocket\core\src\Elements\Fields\Builder.php(193): App\Components\NewArrivals->fields()
#2 D:\xampp80\htdocs\website\apeira\wp-content\themes\apeira-theme\typerocket\vendor\typerocket\core\src\Elements\Fields\Builder.php(166): TypeRocket\Elements\Fields\Builder::componentTemplate(Object(App\Components\NewArrivals), 'builder', '')
#3 D:\xampp80\htdocs\website\apeira\wp-content\themes\apeira-theme\typerocket\vendor\typerocket\core\src\Elements\Fields\Builder.php(36): TypeRocket\Elements\Fields\Builder->getBuilderBlocks()
#4 D:\xampp80\htdocs\website\apeira\wp-content\themes\apeira-theme\typerocket\vendor\typerocket\core\src\Elements\Fields\Field.php(235): TypeRocket\Elements\Fields\Builder->getString()
#5 D:\xampp80\htdocs\website\apeira\wp-content\themes\apeira-theme\typerocket\vendor\typerocket\core\src\Elements\Fields\Field.php(294): TypeRocket\Elements\Fields\Field->getFormString()
#6 D:\xampp80\htdocs\website\apeira\wp-content\themes\apeira-theme\typerocket\vendor\typerocket\core\src\Extensions\PageBuilder.php(208): TypeRocket\Elements\Fields\Field->__toString()
#7 D:\xampp80\htdocs\website\apeira\wp-includes\class-wp-hook.php(308): TypeRocket\Extensions\PageBuilder->edit_form_after_title(Object(WP_Post))
#8 D:\xampp80\htdocs\website\apeira\wp-includes\class-wp-hook.php(332): WP_Hook->apply_filters(NULL, Array)
#9 D:\xampp80\htdocs\website\apeira\wp-includes\plugin.php(517): WP_Hook->do_action(Array)
#10 D:\xampp80\htdocs\website\apeira\wp-admin\edit-form-advanced.php(581): do_action('edit_form_after...', Object(WP_Post))
#11 D:\xampp80\htdocs\website\apeira\wp-admin\post.php(206): require('D:\\xampp80\\htdo...')
#12 {main}
  thrown in D:\xampp80\htdocs\website\apeira\wp-content\themes\apeira-theme\typerocket\vendor\typerocket\core\src\Elements\Traits\MacroTrait.php on line 74

2023-03-16T02:43:53+00:00 CRITICAL Uncaught BadMethodCallException: Method 'links' does not exist. in D:\xampp80\htdocs\website\apeira\wp-content\themes\apeira-theme\typerocket\vendor\typerocket\core\src\Elements\Traits\MacroTrait.php:74
Stack trace:
#0 D:\xampp80\htdocs\website\apeira\wp-content\themes\apeira-theme\typerocket\app\Components\NewArrivals.php(20): TypeRocket\Elements\BaseForm->__call('links', Array)
#1 D:\xampp80\htdocs\website\apeira\wp-content\themes\apeira-theme\typerocket\vendor\typerocket\core\src\Elements\Fields\Builder.php(193): App\Components\NewArrivals->fields()
#2 D:\xampp80\htdocs\website\apeira\wp-content\themes\apeira-theme\typerocket\vendor\typerocket\core\src\Elements\Fields\Builder.php(166): TypeRocket\Elements\Fields\Builder::componentTemplate(Object(App\Components\NewArrivals), 'builder', '')
#3 D:\xampp80\htdocs\website\apeira\wp-content\themes\apeira-theme\typerocket\vendor\typerocket\core\src\Elements\Fields\Builder.php(36): TypeRocket\Elements\Fields\Builder->getBuilderBlocks()
#4 D:\xampp80\htdocs\website\apeira\wp-content\themes\apeira-theme\typerocket\vendor\typerocket\core\src\Elements\Fields\Field.php(235): TypeRocket\Elements\Fields\Builder->getString()
#5 D:\xampp80\htdocs\website\apeira\wp-content\themes\apeira-theme\typerocket\vendor\typerocket\core\src\Elements\Fields\Field.php(294): TypeRocket\Elements\Fields\Field->getFormString()
#6 D:\xampp80\htdocs\website\apeira\wp-content\themes\apeira-theme\typerocket\vendor\typerocket\core\src\Extensions\PageBuilder.php(208): TypeRocket\Elements\Fields\Field->__toString()
#7 D:\xampp80\htdocs\website\apeira\wp-includes\class-wp-hook.php(308): TypeRocket\Extensions\PageBuilder->edit_form_after_title(Object(WP_Post))
#8 D:\xampp80\htdocs\website\apeira\wp-includes\class-wp-hook.php(332): WP_Hook->apply_filters(NULL, Array)
#9 D:\xampp80\htdocs\website\apeira\wp-includes\plugin.php(517): WP_Hook->do_action(Array)
#10 D:\xampp80\htdocs\website\apeira\wp-admin\edit-form-advanced.php(581): do_action('edit_form_after...', Object(WP_Post))
#11 D:\xampp80\htdocs\website\apeira\wp-admin\post.php(206): require('D:\\xampp80\\htdo...')
#12 {main}
  thrown in D:\xampp80\htdocs\website\apeira\wp-content\themes\apeira-theme\typerocket\vendor\typerocket\core\src\Elements\Traits\MacroTrait.php on line 74

2023-03-16T02:44:43+00:00 CRITICAL Uncaught BadMethodCallException: Method 'links' does not exist. in D:\xampp80\htdocs\website\apeira\wp-content\themes\apeira-theme\typerocket\vendor\typerocket\core\src\Elements\Traits\MacroTrait.php:74
Stack trace:
#0 D:\xampp80\htdocs\website\apeira\wp-content\themes\apeira-theme\typerocket\app\Components\NewArrivals.php(20): TypeRocket\Elements\BaseForm->__call('links', Array)
#1 D:\xampp80\htdocs\website\apeira\wp-content\themes\apeira-theme\typerocket\vendor\typerocket\core\src\Elements\Fields\Builder.php(193): App\Components\NewArrivals->fields()
#2 D:\xampp80\htdocs\website\apeira\wp-content\themes\apeira-theme\typerocket\vendor\typerocket\core\src\Elements\Fields\Builder.php(166): TypeRocket\Elements\Fields\Builder::componentTemplate(Object(App\Components\NewArrivals), 'builder', '')
#3 D:\xampp80\htdocs\website\apeira\wp-content\themes\apeira-theme\typerocket\vendor\typerocket\core\src\Elements\Fields\Builder.php(36): TypeRocket\Elements\Fields\Builder->getBuilderBlocks()
#4 D:\xampp80\htdocs\website\apeira\wp-content\themes\apeira-theme\typerocket\vendor\typerocket\core\src\Elements\Fields\Field.php(235): TypeRocket\Elements\Fields\Builder->getString()
#5 D:\xampp80\htdocs\website\apeira\wp-content\themes\apeira-theme\typerocket\vendor\typerocket\core\src\Elements\Fields\Field.php(294): TypeRocket\Elements\Fields\Field->getFormString()
#6 D:\xampp80\htdocs\website\apeira\wp-content\themes\apeira-theme\typerocket\vendor\typerocket\core\src\Extensions\PageBuilder.php(208): TypeRocket\Elements\Fields\Field->__toString()
#7 D:\xampp80\htdocs\website\apeira\wp-includes\class-wp-hook.php(308): TypeRocket\Extensions\PageBuilder->edit_form_after_title(Object(WP_Post))
#8 D:\xampp80\htdocs\website\apeira\wp-includes\class-wp-hook.php(332): WP_Hook->apply_filters(NULL, Array)
#9 D:\xampp80\htdocs\website\apeira\wp-includes\plugin.php(517): WP_Hook->do_action(Array)
#10 D:\xampp80\htdocs\website\apeira\wp-admin\edit-form-advanced.php(581): do_action('edit_form_after...', Object(WP_Post))
#11 D:\xampp80\htdocs\website\apeira\wp-admin\post.php(206): require('D:\\xampp80\\htdo...')
#12 {main}
  thrown in D:\xampp80\htdocs\website\apeira\wp-content\themes\apeira-theme\typerocket\vendor\typerocket\core\src\Elements\Traits\MacroTrait.php on line 74

2023-03-16T02:44:49+00:00 CRITICAL Uncaught BadMethodCallException: Method 'links' does not exist. in D:\xampp80\htdocs\website\apeira\wp-content\themes\apeira-theme\typerocket\vendor\typerocket\core\src\Elements\Traits\MacroTrait.php:74
Stack trace:
#0 D:\xampp80\htdocs\website\apeira\wp-content\themes\apeira-theme\typerocket\app\Components\NewArrivals.php(20): TypeRocket\Elements\BaseForm->__call('links', Array)
#1 D:\xampp80\htdocs\website\apeira\wp-content\themes\apeira-theme\typerocket\vendor\typerocket\core\src\Elements\Fields\Builder.php(193): App\Components\NewArrivals->fields()
#2 D:\xampp80\htdocs\website\apeira\wp-content\themes\apeira-theme\typerocket\vendor\typerocket\core\src\Elements\Fields\Builder.php(166): TypeRocket\Elements\Fields\Builder::componentTemplate(Object(App\Components\NewArrivals), 'builder', '')
#3 D:\xampp80\htdocs\website\apeira\wp-content\themes\apeira-theme\typerocket\vendor\typerocket\core\src\Elements\Fields\Builder.php(36): TypeRocket\Elements\Fields\Builder->getBuilderBlocks()
#4 D:\xampp80\htdocs\website\apeira\wp-content\themes\apeira-theme\typerocket\vendor\typerocket\core\src\Elements\Fields\Field.php(235): TypeRocket\Elements\Fields\Builder->getString()
#5 D:\xampp80\htdocs\website\apeira\wp-content\themes\apeira-theme\typerocket\vendor\typerocket\core\src\Elements\Fields\Field.php(294): TypeRocket\Elements\Fields\Field->getFormString()
#6 D:\xampp80\htdocs\website\apeira\wp-content\themes\apeira-theme\typerocket\vendor\typerocket\core\src\Extensions\PageBuilder.php(208): TypeRocket\Elements\Fields\Field->__toString()
#7 D:\xampp80\htdocs\website\apeira\wp-includes\class-wp-hook.php(308): TypeRocket\Extensions\PageBuilder->edit_form_after_title(Object(WP_Post))
#8 D:\xampp80\htdocs\website\apeira\wp-includes\class-wp-hook.php(332): WP_Hook->apply_filters(NULL, Array)
#9 D:\xampp80\htdocs\website\apeira\wp-includes\plugin.php(517): WP_Hook->do_action(Array)
#10 D:\xampp80\htdocs\website\apeira\wp-admin\edit-form-advanced.php(581): do_action('edit_form_after...', Object(WP_Post))
#11 D:\xampp80\htdocs\website\apeira\wp-admin\post.php(206): require('D:\\xampp80\\htdo...')
#12 {main}
  thrown in D:\xampp80\htdocs\website\apeira\wp-content\themes\apeira-theme\typerocket\vendor\typerocket\core\src\Elements\Traits\MacroTrait.php on line 74

2023-03-16T02:46:02+00:00 CRITICAL Uncaught BadMethodCallException: Method 'setTaxonomy' does not exist. in D:\xampp80\htdocs\website\apeira\wp-content\themes\apeira-theme\typerocket\vendor\typerocket\core\src\Elements\Traits\MacroTrait.php:74
Stack trace:
#0 D:\xampp80\htdocs\website\apeira\wp-content\themes\apeira-theme\typerocket\app\Components\NewArrivals.php(20): TypeRocket\Elements\Fields\Field->__call('setTaxonomy', Array)
#1 D:\xampp80\htdocs\website\apeira\wp-content\themes\apeira-theme\typerocket\vendor\typerocket\core\src\Elements\Fields\Builder.php(193): App\Components\NewArrivals->fields()
#2 D:\xampp80\htdocs\website\apeira\wp-content\themes\apeira-theme\typerocket\vendor\typerocket\core\src\Elements\Fields\Builder.php(166): TypeRocket\Elements\Fields\Builder::componentTemplate(Object(App\Components\NewArrivals), 'builder', '')
#3 D:\xampp80\htdocs\website\apeira\wp-content\themes\apeira-theme\typerocket\vendor\typerocket\core\src\Elements\Fields\Builder.php(36): TypeRocket\Elements\Fields\Builder->getBuilderBlocks()
#4 D:\xampp80\htdocs\website\apeira\wp-content\themes\apeira-theme\typerocket\vendor\typerocket\core\src\Elements\Fields\Field.php(235): TypeRocket\Elements\Fields\Builder->getString()
#5 D:\xampp80\htdocs\website\apeira\wp-content\themes\apeira-theme\typerocket\vendor\typerocket\core\src\Elements\Fields\Field.php(294): TypeRocket\Elements\Fields\Field->getFormString()
#6 D:\xampp80\htdocs\website\apeira\wp-content\themes\apeira-theme\typerocket\vendor\typerocket\core\src\Extensions\PageBuilder.php(208): TypeRocket\Elements\Fields\Field->__toString()
#7 D:\xampp80\htdocs\website\apeira\wp-includes\class-wp-hook.php(308): TypeRocket\Extensions\PageBuilder->edit_form_after_title(Object(WP_Post))
#8 D:\xampp80\htdocs\website\apeira\wp-includes\class-wp-hook.php(332): WP_Hook->apply_filters(NULL, Array)
#9 D:\xampp80\htdocs\website\apeira\wp-includes\plugin.php(517): WP_Hook->do_action(Array)
#10 D:\xampp80\htdocs\website\apeira\wp-admin\edit-form-advanced.php(581): do_action('edit_form_after...', Object(WP_Post))
#11 D:\xampp80\htdocs\website\apeira\wp-admin\post.php(206): require('D:\\xampp80\\htdo...')
#12 {main}
  thrown in D:\xampp80\htdocs\website\apeira\wp-content\themes\apeira-theme\typerocket\vendor\typerocket\core\src\Elements\Traits\MacroTrait.php on line 74

2023-03-16T03:36:11+00:00 CRITICAL syntax error, unexpected variable "$form", expecting ":" in D:\xampp80\htdocs\website\apeira\wp-content\themes\apeira-theme\typerocket\app\Components\HomeBanner.php on line 21

