2023-04-03T08:06:06+00:00 CRITICAL Uncaught Error: Class "Default_Walker" not found in D:\xampp80\htdocs\website\apeira\wp-content\themes\apeira-theme\header.php:74
Stack trace:
#0 D:\xampp80\htdocs\website\apeira\wp-includes\template.php(783): require_once()
#1 D:\xampp80\htdocs\website\apeira\wp-includes\template.php(718): load_template('D:\\xampp80\\htdo...', true, Array)
#2 D:\xampp80\htdocs\website\apeira\wp-includes\general-template.php(48): locate_template(Array, true, true, Array)
#3 D:\xampp80\htdocs\website\apeira\wp-content\themes\apeira-theme\woocommerce\archive-product.php(18): get_header('shop')
#4 D:\xampp80\htdocs\website\apeira\wp-includes\template-loader.php(106): include('D:\\xampp80\\htdo...')
#5 D:\xampp80\htdocs\website\apeira\wp-blog-header.php(19): require_once('D:\\xampp80\\htdo...')
#6 D:\xampp80\htdocs\website\apeira\index.php(17): require('D:\\xampp80\\htdo...')
#7 {main}
  thrown in D:\xampp80\htdocs\website\apeira\wp-content\themes\apeira-theme\header.php on line 74

2023-04-03T08:06:20+00:00 CRITICAL Uncaught Error: Call to undefined function tr_options_field() in D:\xampp80\htdocs\website\apeira\wp-content\themes\apeira-theme\inc\corsivalab-shortcode.php:40
Stack trace:
#0 D:\xampp80\htdocs\website\apeira\wp-includes\shortcodes.php(355): shortcode_menu_content('', '', 'menu-shop-conte...')
#1 [internal function]: do_shortcode_tag(Array)
#2 D:\xampp80\htdocs\website\apeira\wp-includes\shortcodes.php(227): preg_replace_callback('/\\[(\\[?)(menu\\-...', 'do_shortcode_ta...', '[menu-shop-cont...')
#3 D:\xampp80\htdocs\website\apeira\wp-content\themes\apeira-theme\inc\menu-navwalker.php(87): do_shortcode('[menu-shop-cont...')
#4 D:\xampp80\htdocs\website\apeira\wp-includes\class-wp-walker.php(147): Default_Walker->start_el('<li id="menu-it...', Object(WP_Post), 0, Object(stdClass))
#5 D:\xampp80\htdocs\website\apeira\wp-includes\class-wp-walker.php(247): Walker->display_element(Object(WP_Post), Array, 0, 0, Array, '<li id="menu-it...')
#6 D:\xampp80\htdocs\website\apeira\wp-includes\nav-menu-template.php(616): Walker->walk(Array, 0, Object(stdClass))
#7 D:\xampp80\htdocs\website\apeira\wp-includes\nav-menu-template.php(236): walk_nav_menu_tree(Array, 0, Object(stdClass))
#8 D:\xampp80\htdocs\website\apeira\wp-content\themes\apeira-theme\header.php(74): wp_nav_menu(Object(stdClass))
#9 D:\xampp80\htdocs\website\apeira\wp-includes\template.php(783): require_once('D:\\xampp80\\htdo...')
#10 D:\xampp80\htdocs\website\apeira\wp-includes\template.php(718): load_template('D:\\xampp80\\htdo...', true, Array)
#11 D:\xampp80\htdocs\website\apeira\wp-includes\general-template.php(48): locate_template(Array, true, true, Array)
#12 D:\xampp80\htdocs\website\apeira\wp-content\themes\apeira-theme\woocommerce\archive-product.php(18): get_header('shop')
#13 D:\xampp80\htdocs\website\apeira\wp-includes\template-loader.php(106): include('D:\\xampp80\\htdo...')
#14 D:\xampp80\htdocs\website\apeira\wp-blog-header.php(19): require_once('D:\\xampp80\\htdo...')
#15 D:\xampp80\htdocs\website\apeira\index.php(17): require('D:\\xampp80\\htdo...')
#16 {main}
  thrown in D:\xampp80\htdocs\website\apeira\wp-content\themes\apeira-theme\inc\corsivalab-shortcode.php on line 40

2023-04-03T08:07:02+00:00 CRITICAL Uncaught Error: Object of class WP_Error could not be converted to string in D:\xampp80\htdocs\website\apeira\wp-content\themes\apeira-theme\inc\corsivalab-shortcode.php:82
Stack trace:
#0 D:\xampp80\htdocs\website\apeira\wp-includes\shortcodes.php(355): shortcode_menu_content('', '', 'menu-shop-conte...')
#1 [internal function]: do_shortcode_tag(Array)
#2 D:\xampp80\htdocs\website\apeira\wp-includes\shortcodes.php(227): preg_replace_callback('/\\[(\\[?)(menu\\-...', 'do_shortcode_ta...', '[menu-shop-cont...')
#3 D:\xampp80\htdocs\website\apeira\wp-content\themes\apeira-theme\inc\menu-navwalker.php(87): do_shortcode('[menu-shop-cont...')
#4 D:\xampp80\htdocs\website\apeira\wp-includes\class-wp-walker.php(147): Default_Walker->start_el('<li id="menu-it...', Object(WP_Post), 0, Object(stdClass))
#5 D:\xampp80\htdocs\website\apeira\wp-includes\class-wp-walker.php(247): Walker->display_element(Object(WP_Post), Array, 0, 0, Array, '<li id="menu-it...')
#6 D:\xampp80\htdocs\website\apeira\wp-includes\nav-menu-template.php(616): Walker->walk(Array, 0, Object(stdClass))
#7 D:\xampp80\htdocs\website\apeira\wp-includes\nav-menu-template.php(236): walk_nav_menu_tree(Array, 0, Object(stdClass))
#8 D:\xampp80\htdocs\website\apeira\wp-content\themes\apeira-theme\header.php(74): wp_nav_menu(Object(stdClass))
#9 D:\xampp80\htdocs\website\apeira\wp-includes\template.php(783): require_once('D:\\xampp80\\htdo...')
#10 D:\xampp80\htdocs\website\apeira\wp-includes\template.php(718): load_template('D:\\xampp80\\htdo...', true, Array)
#11 D:\xampp80\htdocs\website\apeira\wp-includes\general-template.php(48): locate_template(Array, true, true, Array)
#12 D:\xampp80\htdocs\website\apeira\wp-content\themes\apeira-theme\woocommerce\archive-product.php(18): get_header('shop')
#13 D:\xampp80\htdocs\website\apeira\wp-includes\template-loader.php(106): include('D:\\xampp80\\htdo...')
#14 D:\xampp80\htdocs\website\apeira\wp-blog-header.php(19): require_once('D:\\xampp80\\htdo...')
#15 D:\xampp80\htdocs\website\apeira\index.php(17): require('D:\\xampp80\\htdo...')
#16 {main}
  thrown in D:\xampp80\htdocs\website\apeira\wp-content\themes\apeira-theme\inc\corsivalab-shortcode.php on line 82

2023-04-03T08:47:16+00:00 CRITICAL Uncaught ArgumentCountError: Too few arguments to function wp_get_nav_menu_items(), 0 passed in D:\xampp80\htdocs\website\apeira\wp-content\themes\apeira-theme\inc\corsivalab-shortcode.php on line 91 and at least 1 expected in D:\xampp80\htdocs\website\apeira\wp-includes\nav-menu.php:692
Stack trace:
#0 D:\xampp80\htdocs\website\apeira\wp-content\themes\apeira-theme\inc\corsivalab-shortcode.php(91): wp_get_nav_menu_items()
#1 D:\xampp80\htdocs\website\apeira\wp-includes\shortcodes.php(355): shortcode_menu_content('', '', 'menu-shop-conte...')
#2 [internal function]: do_shortcode_tag(Array)
#3 D:\xampp80\htdocs\website\apeira\wp-includes\shortcodes.php(227): preg_replace_callback('/\\[(\\[?)(menu\\-...', 'do_shortcode_ta...', '[menu-shop-cont...')
#4 D:\xampp80\htdocs\website\apeira\wp-content\themes\apeira-theme\inc\menu-navwalker.php(87): do_shortcode('[menu-shop-cont...')
#5 D:\xampp80\htdocs\website\apeira\wp-includes\class-wp-walker.php(147): Default_Walker->start_el('<li id="menu-it...', Object(WP_Post), 0, Object(stdClass))
#6 D:\xampp80\htdocs\website\apeira\wp-includes\class-wp-walker.php(247): Walker->display_element(Object(WP_Post), Array, 0, 0, Array, '<li id="menu-it...')
#7 D:\xampp80\htdocs\website\apeira\wp-includes\nav-menu-template.php(616): Walker->walk(Array, 0, Object(stdClass))
#8 D:\xampp80\htdocs\website\apeira\wp-includes\nav-menu-template.php(236): walk_nav_menu_tree(Array, 0, Object(stdClass))
#9 D:\xampp80\htdocs\website\apeira\wp-content\themes\apeira-theme\header.php(74): wp_nav_menu(Object(stdClass))
#10 D:\xampp80\htdocs\website\apeira\wp-includes\template.php(783): require_once('D:\\xampp80\\htdo...')
#11 D:\xampp80\htdocs\website\apeira\wp-includes\template.php(718): load_template('D:\\xampp80\\htdo...', true, Array)
#12 D:\xampp80\htdocs\website\apeira\wp-includes\general-template.php(48): locate_template(Array, true, true, Array)
#13 D:\xampp80\htdocs\website\apeira\wp-content\themes\apeira-theme\woocommerce\archive-product.php(18): get_header('shop')
#14 D:\xampp80\htdocs\website\apeira\wp-content\plugins\woocommerce\includes\wc-core-functions.php(345): include('D:\\xampp80\\htdo...')
#15 D:\xampp80\htdocs\website\apeira\wp-content\plugins\woocommerce\templates\taxonomy-product-cat.php(22): wc_get_template('archive-product...')
#16 D:\xampp80\htdocs\website\apeira\wp-includes\template-loader.php(106): include('D:\\xampp80\\htdo...')
#17 D:\xampp80\htdocs\website\apeira\wp-blog-header.php(19): require_once('D:\\xampp80\\htdo...')
#18 D:\xampp80\htdocs\website\apeira\index.php(17): require('D:\\xampp80\\htdo...')
#19 {main}
  thrown in D:\xampp80\htdocs\website\apeira\wp-includes\nav-menu.php on line 692

2023-04-03T10:21:15+00:00 CRITICAL Uncaught Error: Class "App\Components\WP_Query" not found in D:\xampp80\htdocs\website\apeira\wp-content\themes\apeira-theme\typerocket\app\Components\NewArrivals.php:80
Stack trace:
#0 D:\xampp80\htdocs\website\apeira\wp-content\themes\apeira-theme\typerocket\vendor\typerocket\core\src\Elements\Fields\Matrix.php(475): App\Components\NewArrivals->render(Array, Array)
#1 D:\xampp80\htdocs\website\apeira\wp-content\themes\apeira-theme\typerocket\vendor\typerocket\core\src\Utility\ModelField.php(144): TypeRocket\Elements\Fields\Matrix::componentsLoop(Array, Array)
#2 D:\xampp80\htdocs\website\apeira\wp-content\themes\apeira-theme\typerocket\helpers.php(386): TypeRocket\Utility\ModelField::components('builder')
#3 D:\xampp80\htdocs\website\apeira\wp-content\themes\apeira-theme\page.php(10): tr_components_field('builder')
#4 D:\xampp80\htdocs\website\apeira\wp-includes\template-loader.php(106): include('D:\\xampp80\\htdo...')
#5 D:\xampp80\htdocs\website\apeira\wp-blog-header.php(19): require_once('D:\\xampp80\\htdo...')
#6 D:\xampp80\htdocs\website\apeira\index.php(17): require('D:\\xampp80\\htdo...')
#7 {main}
  thrown in D:\xampp80\htdocs\website\apeira\wp-content\themes\apeira-theme\typerocket\app\Components\NewArrivals.php on line 80

