2023-04-02T15:03:47+00:00 CRITICAL Uncaught Error: Call to undefined function tr_options_field() in C:\xampp\htdocs\website\apeira\wp-content\themes\apeira-theme\woocommerce\myaccount\form-login.php:133
Stack trace:
#0 C:\xampp\htdocs\website\apeira\wp-content\plugins\woocommerce\includes\wc-core-functions.php(345): include()
#1 C:\xampp\htdocs\website\apeira\wp-content\plugins\woocommerce\includes\shortcodes\class-wc-shortcode-my-account.php(57): wc_get_template('myaccount/form-...')
#2 C:\xampp\htdocs\website\apeira\wp-content\plugins\woocommerce\includes\class-wc-shortcodes.php(72): WC_Shortcode_My_Account::output('')
#3 C:\xampp\htdocs\website\apeira\wp-content\plugins\woocommerce\includes\class-wc-shortcodes.php(115): WC_Shortcodes::shortcode_wrapper(Array, '')
#4 C:\xampp\htdocs\website\apeira\wp-includes\shortcodes.php(355): WC_Shortcodes::my_account('', '', 'woocommerce_my_...')
#5 [internal function]: do_shortcode_tag(Array)
#6 C:\xampp\htdocs\website\apeira\wp-includes\shortcodes.php(227): preg_replace_callback('/\\[(\\[?)(woocom...', 'do_shortcode_ta...', '[woocommerce_my...')
#7 C:\xampp\htdocs\website\apeira\wp-includes\class-wp-hook.php(308): do_shortcode('[woocommerce_my...')
#8 C:\xampp\htdocs\website\apeira\wp-includes\plugin.php(205): WP_Hook->apply_filters('[woocommerce_my...', Array)
#9 C:\xampp\htdocs\website\apeira\wp-includes\post-template.php(255): apply_filters('the_content', '<!-- wp:shortco...')
#10 C:\xampp\htdocs\website\apeira\wp-content\themes\apeira-theme\standard.php(4): the_content()
#11 C:\xampp\htdocs\website\apeira\wp-includes\template.php(785): require('C:\\xampp\\htdocs...')
#12 C:\xampp\htdocs\website\apeira\wp-includes\template.php(718): load_template('C:\\xampp\\htdocs...', false, Array)
#13 C:\xampp\htdocs\website\apeira\wp-includes\general-template.php(204): locate_template(Array, true, false, Array)
#14 C:\xampp\htdocs\website\apeira\wp-content\themes\apeira-theme\page.php(12): get_template_part('standard')
#15 C:\xampp\htdocs\website\apeira\wp-includes\template-loader.php(106): include('C:\\xampp\\htdocs...')
#16 C:\xampp\htdocs\website\apeira\wp-blog-header.php(19): require_once('C:\\xampp\\htdocs...')
#17 C:\xampp\htdocs\website\apeira\index.php(17): require('C:\\xampp\\htdocs...')
#18 {main}
  thrown in C:\xampp\htdocs\website\apeira\wp-content\themes\apeira-theme\woocommerce\myaccount\form-login.php on line 133

2023-04-02T18:49:17+00:00 CRITICAL syntax error, unexpected identifier "get_option", expecting ")" in C:\xampp\htdocs\website\apeira\wp-content\themes\apeira-theme\single.php on line 21

